# JRE version: OpenJDK Runtime Environment (17.0.10) (build 17.0.10+0-17.0.10b1087.21-11609105)
# Java VM: OpenJDK 64-Bit Server VM (17.0.10+0-17.0.10b1087.21-11609105, mixed mode, tiered, compressed oops, compressed class ptrs, g1 gc, linux-amd64)
GC Precious Log:
 CPUs: 4 total, 4 available
 Memory: 11826M
 Large Page Support: Disabled
 NUMA Support: Disabled
 Compressed Oops: Enabled (Zero based)
 Heap Region Size: 2M
 Heap Min Capacity: 8M
 Heap Initial Capacity: 186M
 Heap Max Capacity: 2958M
 Pre-touch: Disabled
 Parallel Workers: 4
 Concurrent Workers: 1
 Concurrent Refinement Workers: 4
 Periodic GC: Disabled
Heap:
 garbage-first heap   total 90112K, used 55103K [0x0000000747200000, 0x0000000800000000)
  region size 2048K, 21 young (43008K), 4 survivors (8192K)
 Metaspace       used 41734K, committed 41984K, reserved 1114112K
  class space    used 4222K, committed 4352K, reserved 1048576K
GC Heap History (16 events):
Event: 0.836 GC heap before
{Heap before GC invocations=0 (full 0):
 garbage-first heap   total 190464K, used 12288K [0x0000000747200000, 0x0000000800000000)
  region size 2048K, 6 young (12288K), 0 survivors (0K)
 Metaspace       used 12904K, committed 13120K, reserved 1114112K
  class space    used 1158K, committed 1280K, reserved 1048576K
}
Event: 0.842 GC heap after
{Heap after GC invocations=1 (full 0):
 garbage-first heap   total 190464K, used 6081K [0x0000000747200000, 0x0000000800000000)
  region size 2048K, 1 young (2048K), 1 survivors (2048K)
 Metaspace       used 12904K, committed 13120K, reserved 1114112K
  class space    used 1158K, committed 1280K, reserved 1048576K
}
Event: 1.070 GC heap before
{Heap before GC invocations=1 (full 0):
 garbage-first heap   total 190464K, used 14273K [0x0000000747200000, 0x0000000800000000)
  region size 2048K, 6 young (12288K), 1 survivors (2048K)
 Metaspace       used 13509K, committed 13696K, reserved 1114112K
  class space    used 1241K, committed 1344K, reserved 1048576K
}
Event: 1.074 GC heap after
{Heap after GC invocations=2 (full 0):
 garbage-first heap   total 190464K, used 7105K [0x0000000747200000, 0x0000000800000000)
  region size 2048K, 1 young (2048K), 1 survivors (2048K)
 Metaspace       used 13509K, committed 13696K, reserved 1114112K
  class space    used 1241K, committed 1344K, reserved 1048576K
}
Event: 1.446 GC heap before
{Heap before GC invocations=2 (full 0):
 garbage-first heap   total 190464K, used 23489K [0x0000000747200000, 0x0000000800000000)
  region size 2048K, 10 young (20480K), 1 survivors (2048K)
 Metaspace       used 19999K, committed 20224K, reserved 1114112K
  class space    used 1860K, committed 1984K, reserved 1048576K
}
Event: 1.449 GC heap after
{Heap after GC invocations=3 (full 0):
 garbage-first heap   total 190464K, used 7707K [0x0000000747200000, 0x0000000800000000)
  region size 2048K, 1 young (2048K), 1 survivors (2048K)
 Metaspace       used 19999K, committed 20224K, reserved 1114112K
  class space    used 1860K, committed 1984K, reserved 1048576K
}
Event: 1.499 GC heap before
{Heap before GC invocations=3 (full 0):
 garbage-first heap   total 190464K, used 9755K [0x0000000747200000, 0x0000000800000000)
  region size 2048K, 3 young (6144K), 1 survivors (2048K)
 Metaspace       used 21243K, committed 21504K, reserved 1114112K
  class space    used 2028K, committed 2176K, reserved 1048576K
}
Event: 1.502 GC heap after
{Heap after GC invocations=4 (full 0):
 garbage-first heap   total 190464K, used 7881K [0x0000000747200000, 0x0000000800000000)
  region size 2048K, 1 young (2048K), 1 survivors (2048K)
 Metaspace       used 21243K, committed 21504K, reserved 1114112K
  class space    used 2028K, committed 2176K, reserved 1048576K
}
Event: 1.855 GC heap before
{Heap before GC invocations=5 (full 0):
 garbage-first heap   total 40960K, used 28361K [0x0000000747200000, 0x0000000800000000)
  region size 2048K, 13 young (26624K), 1 survivors (2048K)
 Metaspace       used 26520K, committed 26688K, reserved 1114112K
  class space    used 2619K, committed 2688K, reserved 1048576K
}
Event: 1.860 GC heap after
{Heap after GC invocations=6 (full 0):
 garbage-first heap   total 43008K, used 13006K [0x0000000747200000, 0x0000000800000000)
  region size 2048K, 4 young (8192K), 4 survivors (8192K)
 Metaspace       used 26520K, committed 26688K, reserved 1114112K
  class space    used 2619K, committed 2688K, reserved 1048576K
}
Event: 1.866 GC heap before
{Heap before GC invocations=6 (full 0):
 garbage-first heap   total 43008K, used 13006K [0x0000000747200000, 0x0000000800000000)
  region size 2048K, 5 young (10240K), 4 survivors (8192K)
 Metaspace       used 26520K, committed 26688K, reserved 1114112K
  class space    used 2619K, committed 2688K, reserved 1048576K
}
Event: 1.869 GC heap after
{Heap after GC invocations=7 (full 0):
 garbage-first heap   total 43008K, used 14412K [0x0000000747200000, 0x0000000800000000)
  region size 2048K, 1 young (2048K), 1 survivors (2048K)
 Metaspace       used 26520K, committed 26688K, reserved 1114112K
  class space    used 2619K, committed 2688K, reserved 1048576K
}
Event: 2.011 GC heap before
{Heap before GC invocations=7 (full 0):
 garbage-first heap   total 43008K, used 22604K [0x0000000747200000, 0x0000000800000000)
  region size 2048K, 6 young (12288K), 1 survivors (2048K)
 Metaspace       used 29387K, committed 29696K, reserved 1114112K
  class space    used 2935K, committed 3072K, reserved 1048576K
}
Event: 2.013 GC heap after
{Heap after GC invocations=8 (full 0):
 garbage-first heap   total 116736K, used 16484K [0x0000000747200000, 0x0000000800000000)
  region size 2048K, 1 young (2048K), 1 survivors (2048K)
 Metaspace       used 29387K, committed 29696K, reserved 1114112K
  class space    used 2935K, committed 3072K, reserved 1048576K
}
Event: 2.611 GC heap before
{Heap before GC invocations=8 (full 0):
 garbage-first heap   total 116736K, used 45156K [0x0000000747200000, 0x0000000800000000)
  region size 2048K, 17 young (34816K), 1 survivors (2048K)
 Metaspace       used 35895K, committed 36096K, reserved 1114112K
  class space    used 3674K, committed 3776K, reserved 1048576K
}
Event: 2.622 GC heap after
{Heap after GC invocations=9 (full 0):
 garbage-first heap   total 116736K, used 22335K [0x0000000747200000, 0x0000000800000000)
  region size 2048K, 4 young (8192K), 4 survivors (8192K)
 Metaspace       used 35895K, committed 36096K, reserved 1114112K
  class space    used 3674K, committed 3776K, reserved 1048576K
}

